<?xml version="1.0" encoding="UTF-8"?>
<!-- Generated by org.testng.reporters.JUnitXMLReporter -->
<testsuite ignored="0" hostname="Alpha" failures="0" tests="4" name="hydrgon" time="6.587" errors="0" timestamp="2021-04-21T00:18:23 SGT">
  <testcase classname="stepdefs.TestSample" name="test1" time="0.416"/>
  <testcase classname="stepdefs.TestSample" name="test2" time="0.001"/>
  <testcase classname="stepdefs.TestSample" name="test3" time="0.0"/>
  <testcase classname="stepdefs.TestSample" name="test4" time="0.0"/>
</testsuite> <!-- hydrgon -->
